

Microchip Technology PIC18 LITE Macro Assembler V1.42 build -159332390 
                                                                                               Mon Jul 03 21:18:04 2017

Microchip Technology Omniscient Code Generator v1.42 (Free mode) build 201704130522
     1                           	processor	18F25K22
     2                           	fnconf	rparam,??,?,0
     3                           	opt	pw 120
     4                           	opt	lm
     5                           	psect	cinit,global,reloc=2,class=CODE,delta=1
     6                           	psect	cstackBANK0,global,class=BANK0,space=1,delta=1,noexec
     7                           	psect	cstackCOMRAM,global,class=COMRAM,space=1,delta=1,noexec
     8                           	psect	text0,global,reloc=2,class=CODE,delta=1
     9                           	psect	intsave_regs,global,class=BIGRAM,space=1,delta=1,noexec
    10                           	psect	rparam,global,class=COMRAM,space=1,delta=1,noexec
    11  0000                     
    12                           ; Version 1.42
    13                           ; Generated 13/04/2017 GMT
    14                           ; 
    15                           ; Copyright © 2017, Microchip Technology Inc. and its subsidiaries ("Microchip")
    16                           ; All rights reserved.
    17                           ; 
    18                           ; This software is developed by Microchip Technology Inc. and its subsidiaries ("Microch
      +                          ip").
    19                           ; 
    20                           ; Redistribution and use in source and binary forms, with or without modification, are
    21                           ; permitted provided that the following conditions are met:
    22                           ; 
    23                           ;     1. Redistributions of source code must retain the above copyright notice, this lis
      +                          t of
    24                           ;        conditions and the following disclaimer.
    25                           ; 
    26                           ;     2. Redistributions in binary form must reproduce the above copyright notice, this 
      +                          list
    27                           ;        of conditions and the following disclaimer in the documentation and/or other
    28                           ;        materials provided with the distribution.
    29                           ; 
    30                           ;     3. Microchip's name may not be used to endorse or promote products derived from th
      +                          is
    31                           ;        software without specific prior written permission.
    32                           ; 
    33                           ; THIS SOFTWARE IS PROVIDED BY MICROCHIP "AS IS" AND ANY EXPRESS OR IMPLIED WARRANTIES,
    34                           ; INCLUDING, BUT NOT LIMITED TO, THE IMPLIED WARRANTIES OF MERCHANTABILITY AND FITNESS F
      +                          OR
    35                           ; PURPOSE ARE DISCLAIMED.  IN NO EVENT SHALL MICROCHIP BE LIABLE FOR ANY DIRECT, INDIREC
      +                          T,
    36                           ; INCIDENTAL, SPECIAL, EXEMPLARY, OR CONSEQUENTIAL DAMAGES (INCLUDING BUT NOT LIMITED TO
    37                           ; PROCUREMENT OF SUBSTITUTE GOODS OR SERVICES; LOSS OF USE, DATA OR PROFITS; OR BUSINESS
    38                           ; INTERRUPTION) HOWSOEVER CAUSED AND ON ANY THEORY OF LIABILITY, WHETHER IN CONTRACT, ST
      +                          RICT
    39                           ; LIABILITY, OR TORT (INCLUDING NEGLIGENCE OR OTHERWISE) ARISING IN ANY WAY OUT OF THE U
      +                          SE OF
    40                           ; THIS SOFTWARE, EVEN IF ADVISED OF THE POSSIBILITY OF SUCH DAMAGE.
    41                           ; 
    42                           ; 
    43                           ; Code-generator required, PIC18F25K22 Definitions
    44                           ; 
    45                           ; SFR Addresses
    46  0000                     
    47                           ; #config settings
    48                           
    49                           	psect	cinit
    50  007FD4                     __pcinit:
    51                           	opt stack 0
    52  007FD4                     start_initialization:
    53                           	opt stack 0
    54  007FD4                     __initialization:
    55                           	opt stack 0
    56  007FD4                     end_of_initialization:
    57                           	opt stack 0
    58  007FD4                     __end_of__initialization:
    59                           	opt stack 0
    60  007FD4  0100               	movlb	0
    61  007FD6  EFED  F03F         	goto	_main	;jump to C main() function
    62                           
    63                           	psect	cstackBANK0
    64  000060                     __pcstackBANK0:
    65                           	opt stack 0
    66  000060                     main@x:
    67                           	opt stack 0
    68                           
    69                           ; 128 bytes @ 0x0
    70  000060                     	ds	128
    71                           
    72                           	psect	cstackCOMRAM
    73  000000                     __pcstackCOMRAM:
    74                           	opt stack 0
    75  000000                     
    76                           ; 1 bytes @ 0x0
    77 ;;
    78 ;;Main: autosize = 0, tempsize = 0, incstack = 0, save=0
    79 ;;
    80 ;; *************** function _main *****************
    81 ;; Defined at:
    82 ;;		line 11 in file "main.c"
    83 ;; Parameters:    Size  Location     Type
    84 ;;		None
    85 ;; Auto vars:     Size  Location     Type
    86 ;;  x             128    0[BANK0 ] int [64]
    87 ;; Return value:  Size  Location     Type
    88 ;;                  1    wreg      void 
    89 ;; Registers used:
    90 ;;		wreg, status,2, status,0
    91 ;; Tracked objects:
    92 ;;		On entry : 0/0
    93 ;;		On exit  : 0/0
    94 ;;		Unchanged: 0/0
    95 ;; Data sizes:     COMRAM   BANK0   BANK1   BANK2   BANK3   BANK4   BANK5
    96 ;;      Params:         0       0       0       0       0       0       0
    97 ;;      Locals:         0     128       0       0       0       0       0
    98 ;;      Temps:          0       0       0       0       0       0       0
    99 ;;      Totals:         0     128       0       0       0       0       0
   100 ;;Total ram usage:      128 bytes
   101 ;; This function calls:
   102 ;;		Nothing
   103 ;; This function is called by:
   104 ;;		Startup code after reset
   105 ;; This function uses a non-reentrant model
   106 ;;
   107                           
   108                           	psect	text0
   109  007FDA                     __ptext0:
   110                           	opt stack 0
   111  007FDA                     _main:
   112                           	opt stack 31
   113                           
   114                           ;main.c: 12: int x[64];
   115                           ;main.c: 13: x[0] = 1;
   116                           
   117                           ; BSR set to: 0
   118                           ;incstack = 0
   119  007FDA  0E00               	movlw	0
   120  007FDC  0100               	movlb	0	; () banked
   121  007FDE  6F61               	movwf	(main@x+1)& (0+255),b
   122  007FE0  0E01               	movlw	1
   123  007FE2  6F60               	movwf	main@x& (0+255),b
   124                           
   125                           ; BSR set to: 0
   126                           ;main.c: 14: if (x[0] == 1) {
   127  007FE4  0100               	movlb	0	; () banked
   128  007FE6  0560               	decf	main@x& (0+255),w,b
   129  007FE8  0100               	movlb	0	; () banked
   130  007FEA  1161               	iorwf	(main@x+1)& (0+255),w,b
   131  007FEC  A4D8               	btfss	status,2,c
   132  007FEE  EF00  F000         	goto	start
   133                           
   134                           ; BSR set to: 0
   135                           ;main.c: 15: x[1] = 2;
   136  007FF2  0E00               	movlw	0
   137  007FF4  0100               	movlb	0	; () banked
   138  007FF6  6F63               	movwf	(main@x+3)& (0+255),b
   139  007FF8  0E02               	movlw	2
   140  007FFA  6F62               	movwf	(main@x+2)& (0+255),b
   141                           
   142                           ; BSR set to: 0
   143                           
   144                           ; BSR set to: 0
   145                           ;main.c: 16: }
   146                           ;main.c: 19: return;
   147                           
   148                           ; BSR set to: 0
   149  007FFC  EF00  F000         	goto	start
   150  008000                     __end_of_main:
   151                           	opt stack 0
   152  0000                     status	equ	0xFD8
   153                           status	equ	0xFD8
   154                           
   155                           	psect	rparam
   156  0000                     status	equ	0xFD8


Data Sizes:
    Strings     0
    Constant    0
    Data        0
    BSS         0
    Persistent  0
    Stack       0

Auto Spaces:
    Space          Size  Autos    Used
    COMRAM           95      0       0
    BANK0           160    128     128
    BANK1           256      0       0
    BANK2           256      0       0
    BANK3           256      0       0
    BANK4           256      0       0
    BANK5           256      0       0

Pointer List with Targets:

    None.

Critical Paths under _main in COMRAM

    None.

Critical Paths under _main in BANK0

    None.

Critical Paths under _main in BANK1

    None.

Critical Paths under _main in BANK2

    None.

Critical Paths under _main in BANK3

    None.

Critical Paths under _main in BANK4

    None.

Critical Paths under _main in BANK5

    None.

Call Graph Tables:

 ---------------------------------------------------------------------------------
 (Depth) Function   	        Calls       Base Space   Used Autos Params    Refs
 ---------------------------------------------------------------------------------
 (0) _main                                               128   128      0      30
                                              0 BANK0    128   128      0
 ---------------------------------------------------------------------------------
 Estimated maximum stack depth 0
 ---------------------------------------------------------------------------------

 Call Graph Graphs:

 _main (ROOT)

 Address spaces:
Name               Size   Autos  Total    Cost      Usage
BITCOMRAM           5F      0       0       0        0.0%
EEDATA             100      0       0       0        0.0%
NULL                 0      0       0       0        0.0%
CODE                 0      0       0       0        0.0%
COMRAM              5F      0       0       1        0.0%
STACK                0      0       0       2        0.0%
BITBANK0            A0      0       0       3        0.0%
BANK0               A0     80      80       4       80.0%
BITBANK1           100      0       0       5        0.0%
BANK1              100      0       0       6        0.0%
BITBANK2           100      0       0       7        0.0%
BANK2              100      0       0       8        0.0%
ABS                  0      0       0       9        0.0%
BITBANK3           100      0       0      10        0.0%
BANK3              100      0       0      11        0.0%
BITBANK4           100      0       0      12        0.0%
BANK4              100      0       0      13        0.0%
BITBANK5           100      0       0      14        0.0%
BANK5              100      0       0      15        0.0%
BIGRAM             5FF      0       0      16        0.0%
DATA                 0      0       0      17        0.0%
BITSFR_1             0      0       0     200        0.0%
SFR_1                0      0       0     200        0.0%
BITSFR               0      0       0     200        0.0%
SFR                  0      0       0     200        0.0%


Microchip Technology PIC18 Macro Assembler V1.42 build -159332390 
Symbol Table                                                                                   Mon Jul 03 21:18:04 2017

                   _main 7FDA                     start 0000             ___param_bank 000000  
                  ?_main 0000                    main@x 0060                    status 000FD8  
        __initialization 7FD4             __end_of_main 8000                   ??_main 0000  
          __activetblptr 000000               __accesstop 0060  __end_of__initialization 7FD4  
          ___rparam_used 000001           __pcstackCOMRAM 0000                  __Hparam 0000  
                __Lparam 0000                  __pcinit 7FD4                  __ramtop 0600  
                __ptext0 7FDA     end_of_initialization 7FD4      start_initialization 7FD4  
          __pcstackBANK0 0060                 __Hrparam 0000                 __Lrparam 0000  
          __size_of_main 0026  
